DEBUG main org.springframework.context.support.ClassPathXmlApplicationContext - Refreshing org.springframework.context.support.ClassPathXmlApplicationContext@22f71333
DEBUG main org.springframework.context.annotation.ClassPathBeanDefinitionScanner - Identified candidate component class: file [D:\project\idea\hello\target\classes\com\ph\aspect\LogAspect.class]
DEBUG main org.springframework.context.annotation.ClassPathBeanDefinitionScanner - Identified candidate component class: file [D:\project\idea\hello\target\classes\com\ph\service\impl\BuyServiceImpl.class]
DEBUG main org.springframework.beans.factory.support.DefaultListableBeanFactory - Overriding bean definition for bean 'buyService' with a different definition: replacing [Generic bean: class [com.ph.service.impl.BuyServiceImpl]; scope=singleton; abstract=false; lazyInit=false; autowireMode=0; dependencyCheck=0; autowireCandidate=true; primary=false; factoryBeanName=null; factoryMethodName=null; initMethodName=null; destroyMethodName=null; defined in file [D:\project\idea\hello\target\classes\com\ph\service\impl\BuyServiceImpl.class]] with [Generic bean: class [com.ph.service.impl.BuyServiceImpl]; scope=singleton; abstract=false; lazyInit=false; autowireMode=0; dependencyCheck=0; autowireCandidate=true; primary=false; factoryBeanName=null; factoryMethodName=null; initMethodName=null; destroyMethodName=null; defined in class path resource [applicationContext.xml]]
DEBUG main org.springframework.beans.factory.xml.XmlBeanDefinitionReader - Loaded 9 bean definitions from class path resource [applicationContext.xml]
DEBUG main org.springframework.beans.factory.support.DefaultListableBeanFactory - Creating shared instance of singleton bean 'org.springframework.context.annotation.internalConfigurationAnnotationProcessor'
DEBUG main org.springframework.beans.factory.support.DefaultListableBeanFactory - Creating shared instance of singleton bean 'org.springframework.context.event.internalEventListenerProcessor'
DEBUG main org.springframework.beans.factory.support.DefaultListableBeanFactory - Creating shared instance of singleton bean 'org.springframework.context.event.internalEventListenerFactory'
DEBUG main org.springframework.beans.factory.support.DefaultListableBeanFactory - Creating shared instance of singleton bean 'org.springframework.context.annotation.internalAutowiredAnnotationProcessor'
DEBUG main org.springframework.beans.factory.support.DefaultListableBeanFactory - Creating shared instance of singleton bean 'org.springframework.context.annotation.internalCommonAnnotationProcessor'
DEBUG main org.springframework.beans.factory.support.DefaultListableBeanFactory - Creating shared instance of singleton bean 'org.springframework.aop.config.internalAutoProxyCreator'
DEBUG main org.springframework.beans.factory.support.DefaultListableBeanFactory - Creating shared instance of singleton bean 'logAspect'
DEBUG main org.springframework.beans.factory.support.DefaultListableBeanFactory - Creating shared instance of singleton bean 'buyService'
DEBUG main org.springframework.aop.aspectj.annotation.ReflectiveAspectJAdvisorFactory - Found AspectJ method: public void com.ph.aspect.LogAspect.buyBefore(org.aspectj.lang.JoinPoint)
DEBUG main org.springframework.aop.aspectj.annotation.ReflectiveAspectJAdvisorFactory - Found AspectJ method: public void com.ph.aspect.LogAspect.buyAfter()
DEBUG main org.springframework.beans.factory.support.DefaultListableBeanFactory - Creating shared instance of singleton bean 'helloFactoryBean'
INFO main com.ph.aspect.LogAspect - 前置通知:execution(String com.ph.service.BuyService.buy(String,String))
INFO main com.ph.aspect.LogAspect - 用户:ph1616购买<<城南旧事>>
DEBUG main org.springframework.context.support.ClassPathXmlApplicationContext - Refreshing org.springframework.context.support.ClassPathXmlApplicationContext@22f71333
DEBUG main org.springframework.context.annotation.ClassPathBeanDefinitionScanner - Identified candidate component class: file [D:\project\idea\hello\target\classes\com\ph\aspect\LogAspect.class]
DEBUG main org.springframework.context.annotation.ClassPathBeanDefinitionScanner - Identified candidate component class: file [D:\project\idea\hello\target\classes\com\ph\service\impl\BuyServiceImpl.class]
DEBUG main org.springframework.beans.factory.support.DefaultListableBeanFactory - Overriding bean definition for bean 'buyService' with a different definition: replacing [Generic bean: class [com.ph.service.impl.BuyServiceImpl]; scope=singleton; abstract=false; lazyInit=false; autowireMode=0; dependencyCheck=0; autowireCandidate=true; primary=false; factoryBeanName=null; factoryMethodName=null; initMethodName=null; destroyMethodName=null; defined in file [D:\project\idea\hello\target\classes\com\ph\service\impl\BuyServiceImpl.class]] with [Generic bean: class [com.ph.service.impl.BuyServiceImpl]; scope=singleton; abstract=false; lazyInit=false; autowireMode=0; dependencyCheck=0; autowireCandidate=true; primary=false; factoryBeanName=null; factoryMethodName=null; initMethodName=null; destroyMethodName=null; defined in class path resource [applicationContext.xml]]
DEBUG main org.springframework.beans.factory.xml.XmlBeanDefinitionReader - Loaded 9 bean definitions from class path resource [applicationContext.xml]
DEBUG main org.springframework.beans.factory.support.DefaultListableBeanFactory - Creating shared instance of singleton bean 'org.springframework.context.annotation.internalConfigurationAnnotationProcessor'
DEBUG main org.springframework.beans.factory.support.DefaultListableBeanFactory - Creating shared instance of singleton bean 'org.springframework.context.event.internalEventListenerProcessor'
DEBUG main org.springframework.beans.factory.support.DefaultListableBeanFactory - Creating shared instance of singleton bean 'org.springframework.context.event.internalEventListenerFactory'
DEBUG main org.springframework.beans.factory.support.DefaultListableBeanFactory - Creating shared instance of singleton bean 'org.springframework.context.annotation.internalAutowiredAnnotationProcessor'
DEBUG main org.springframework.beans.factory.support.DefaultListableBeanFactory - Creating shared instance of singleton bean 'org.springframework.context.annotation.internalCommonAnnotationProcessor'
DEBUG main org.springframework.beans.factory.support.DefaultListableBeanFactory - Creating shared instance of singleton bean 'org.springframework.aop.config.internalAutoProxyCreator'
DEBUG main org.springframework.beans.factory.support.DefaultListableBeanFactory - Creating shared instance of singleton bean 'logAspect'
DEBUG main org.springframework.beans.factory.support.DefaultListableBeanFactory - Creating shared instance of singleton bean 'buyService'
DEBUG main org.springframework.aop.aspectj.annotation.ReflectiveAspectJAdvisorFactory - Found AspectJ method: public void com.ph.aspect.LogAspect.buyBefore(org.aspectj.lang.JoinPoint)
DEBUG main org.springframework.aop.aspectj.annotation.ReflectiveAspectJAdvisorFactory - Found AspectJ method: public void com.ph.aspect.LogAspect.buyAfter(org.aspectj.lang.JoinPoint)
DEBUG main org.springframework.beans.factory.support.DefaultListableBeanFactory - Creating shared instance of singleton bean 'helloFactoryBean'
INFO main com.ph.aspect.LogAspect - 前置通知:execution(String com.ph.service.BuyService.buy(String,String))
INFO main com.ph.aspect.LogAspect - 用户:ph1616购买<<城南旧事>>
INFO main com.ph.aspect.LogAspect - 用户:ph1616购买结束
DEBUG main org.springframework.context.support.ClassPathXmlApplicationContext - Refreshing org.springframework.context.support.ClassPathXmlApplicationContext@22f71333
DEBUG main org.springframework.context.annotation.ClassPathBeanDefinitionScanner - Identified candidate component class: file [D:\project\idea\hello\target\classes\com\ph\aspect\LogAspect.class]
DEBUG main org.springframework.context.annotation.ClassPathBeanDefinitionScanner - Identified candidate component class: file [D:\project\idea\hello\target\classes\com\ph\service\impl\BuyServiceImpl.class]
DEBUG main org.springframework.beans.factory.support.DefaultListableBeanFactory - Overriding bean definition for bean 'buyService' with a different definition: replacing [Generic bean: class [com.ph.service.impl.BuyServiceImpl]; scope=singleton; abstract=false; lazyInit=false; autowireMode=0; dependencyCheck=0; autowireCandidate=true; primary=false; factoryBeanName=null; factoryMethodName=null; initMethodName=null; destroyMethodName=null; defined in file [D:\project\idea\hello\target\classes\com\ph\service\impl\BuyServiceImpl.class]] with [Generic bean: class [com.ph.service.impl.BuyServiceImpl]; scope=singleton; abstract=false; lazyInit=false; autowireMode=0; dependencyCheck=0; autowireCandidate=true; primary=false; factoryBeanName=null; factoryMethodName=null; initMethodName=null; destroyMethodName=null; defined in class path resource [applicationContext.xml]]
DEBUG main org.springframework.beans.factory.xml.XmlBeanDefinitionReader - Loaded 9 bean definitions from class path resource [applicationContext.xml]
DEBUG main org.springframework.beans.factory.support.DefaultListableBeanFactory - Creating shared instance of singleton bean 'org.springframework.context.annotation.internalConfigurationAnnotationProcessor'
DEBUG main org.springframework.beans.factory.support.DefaultListableBeanFactory - Creating shared instance of singleton bean 'org.springframework.context.event.internalEventListenerProcessor'
DEBUG main org.springframework.beans.factory.support.DefaultListableBeanFactory - Creating shared instance of singleton bean 'org.springframework.context.event.internalEventListenerFactory'
DEBUG main org.springframework.beans.factory.support.DefaultListableBeanFactory - Creating shared instance of singleton bean 'org.springframework.context.annotation.internalAutowiredAnnotationProcessor'
DEBUG main org.springframework.beans.factory.support.DefaultListableBeanFactory - Creating shared instance of singleton bean 'org.springframework.context.annotation.internalCommonAnnotationProcessor'
DEBUG main org.springframework.beans.factory.support.DefaultListableBeanFactory - Creating shared instance of singleton bean 'org.springframework.aop.config.internalAutoProxyCreator'
DEBUG main org.springframework.beans.factory.support.DefaultListableBeanFactory - Creating shared instance of singleton bean 'logAspect'
DEBUG main org.springframework.beans.factory.support.DefaultListableBeanFactory - Creating shared instance of singleton bean 'buyService'
DEBUG main org.springframework.aop.aspectj.annotation.ReflectiveAspectJAdvisorFactory - Found AspectJ method: public void com.ph.aspect.LogAspect.buyBefore(org.aspectj.lang.JoinPoint)
DEBUG main org.springframework.aop.aspectj.annotation.ReflectiveAspectJAdvisorFactory - Found AspectJ method: public void com.ph.aspect.LogAspect.buyAfter(org.aspectj.lang.JoinPoint)
DEBUG main org.springframework.beans.factory.support.DefaultListableBeanFactory - Creating shared instance of singleton bean 'helloFactoryBean'
INFO main com.ph.aspect.LogAspect - 前置通知:execution(String com.ph.service.BuyService.buy(String,String))
INFO main com.ph.aspect.LogAspect - 用户:ph1616购买<<城南旧事>>
INFO main com.ph.aspect.LogAspect - 用户:ph1616购买结束
DEBUG 2020 九月 15 17:00:21,615 main org.springframework.context.support.ClassPathXmlApplicationContext - Refreshing org.springframework.context.support.ClassPathXmlApplicationContext@3d8c7aca
DEBUG 2020 九月 15 17:00:21,816 main org.springframework.context.annotation.ClassPathBeanDefinitionScanner - Identified candidate component class: file [D:\project\idea\hello\target\classes\com\ph\aspect\LogAspect.class]
DEBUG 2020 九月 15 17:00:21,818 main org.springframework.context.annotation.ClassPathBeanDefinitionScanner - Identified candidate component class: file [D:\project\idea\hello\target\classes\com\ph\service\impl\BuyServiceImpl.class]
DEBUG 2020 九月 15 17:00:21,836 main org.springframework.beans.factory.support.DefaultListableBeanFactory - Overriding bean definition for bean 'buyService' with a different definition: replacing [Generic bean: class [com.ph.service.impl.BuyServiceImpl]; scope=singleton; abstract=false; lazyInit=false; autowireMode=0; dependencyCheck=0; autowireCandidate=true; primary=false; factoryBeanName=null; factoryMethodName=null; initMethodName=null; destroyMethodName=null; defined in file [D:\project\idea\hello\target\classes\com\ph\service\impl\BuyServiceImpl.class]] with [Generic bean: class [com.ph.service.impl.BuyServiceImpl]; scope=singleton; abstract=false; lazyInit=false; autowireMode=0; dependencyCheck=0; autowireCandidate=true; primary=false; factoryBeanName=null; factoryMethodName=null; initMethodName=null; destroyMethodName=null; defined in class path resource [applicationContext.xml]]
DEBUG 2020 九月 15 17:00:21,836 main org.springframework.beans.factory.xml.XmlBeanDefinitionReader - Loaded 9 bean definitions from class path resource [applicationContext.xml]
DEBUG 2020 九月 15 17:00:21,853 main org.springframework.beans.factory.support.DefaultListableBeanFactory - Creating shared instance of singleton bean 'org.springframework.context.annotation.internalConfigurationAnnotationProcessor'
DEBUG 2020 九月 15 17:00:21,904 main org.springframework.beans.factory.support.DefaultListableBeanFactory - Creating shared instance of singleton bean 'org.springframework.context.event.internalEventListenerProcessor'
DEBUG 2020 九月 15 17:00:21,906 main org.springframework.beans.factory.support.DefaultListableBeanFactory - Creating shared instance of singleton bean 'org.springframework.context.event.internalEventListenerFactory'
DEBUG 2020 九月 15 17:00:21,908 main org.springframework.beans.factory.support.DefaultListableBeanFactory - Creating shared instance of singleton bean 'org.springframework.context.annotation.internalAutowiredAnnotationProcessor'
DEBUG 2020 九月 15 17:00:21,909 main org.springframework.beans.factory.support.DefaultListableBeanFactory - Creating shared instance of singleton bean 'org.springframework.context.annotation.internalCommonAnnotationProcessor'
DEBUG 2020 九月 15 17:00:21,913 main org.springframework.beans.factory.support.DefaultListableBeanFactory - Creating shared instance of singleton bean 'org.springframework.aop.config.internalAutoProxyCreator'
DEBUG 2020 九月 15 17:00:21,966 main org.springframework.beans.factory.support.DefaultListableBeanFactory - Creating shared instance of singleton bean 'logAspect'
DEBUG 2020 九月 15 17:00:21,971 main org.springframework.beans.factory.support.DefaultListableBeanFactory - Creating shared instance of singleton bean 'buyService'
DEBUG 2020 九月 15 17:00:21,988 main org.springframework.aop.aspectj.annotation.ReflectiveAspectJAdvisorFactory - Found AspectJ method: public void com.ph.aspect.LogAspect.buyBefore(org.aspectj.lang.JoinPoint)
DEBUG 2020 九月 15 17:00:21,989 main org.springframework.aop.aspectj.annotation.ReflectiveAspectJAdvisorFactory - Found AspectJ method: public void com.ph.aspect.LogAspect.buyAfter(org.aspectj.lang.JoinPoint)
DEBUG 2020 九月 15 17:00:22,098 main org.springframework.beans.factory.support.DefaultListableBeanFactory - Creating shared instance of singleton bean 'helloFactoryBean'
INFO 2020 九月 15 17:00:22,117 main com.ph.aspect.LogAspect - 前置通知:execution(String com.ph.service.BuyService.buy(String,String))
INFO 2020 九月 15 17:00:22,117 main com.ph.aspect.LogAspect - 用户:ph1616购买<<城南旧事>>
INFO 2020 九月 15 17:00:22,117 main com.ph.aspect.LogAspect - 用户:ph1616购买结束
DEBUG 2020 九月 15 17:02:19,603 main org.springframework.context.support.ClassPathXmlApplicationContext - Refreshing org.springframework.context.support.ClassPathXmlApplicationContext@3d8c7aca
DEBUG 2020 九月 15 17:02:19,795 main org.springframework.context.annotation.ClassPathBeanDefinitionScanner - Identified candidate component class: file [D:\project\idea\hello\target\classes\com\ph\aspect\LogAspect.class]
DEBUG 2020 九月 15 17:02:19,796 main org.springframework.context.annotation.ClassPathBeanDefinitionScanner - Identified candidate component class: file [D:\project\idea\hello\target\classes\com\ph\service\impl\BuyServiceImpl.class]
DEBUG 2020 九月 15 17:02:19,819 main org.springframework.beans.factory.support.DefaultListableBeanFactory - Overriding bean definition for bean 'buyService' with a different definition: replacing [Generic bean: class [com.ph.service.impl.BuyServiceImpl]; scope=singleton; abstract=false; lazyInit=false; autowireMode=0; dependencyCheck=0; autowireCandidate=true; primary=false; factoryBeanName=null; factoryMethodName=null; initMethodName=null; destroyMethodName=null; defined in file [D:\project\idea\hello\target\classes\com\ph\service\impl\BuyServiceImpl.class]] with [Generic bean: class [com.ph.service.impl.BuyServiceImpl]; scope=singleton; abstract=false; lazyInit=false; autowireMode=0; dependencyCheck=0; autowireCandidate=true; primary=false; factoryBeanName=null; factoryMethodName=null; initMethodName=null; destroyMethodName=null; defined in class path resource [applicationContext.xml]]
DEBUG 2020 九月 15 17:02:19,820 main org.springframework.beans.factory.xml.XmlBeanDefinitionReader - Loaded 9 bean definitions from class path resource [applicationContext.xml]
DEBUG 2020 九月 15 17:02:19,840 main org.springframework.beans.factory.support.DefaultListableBeanFactory - Creating shared instance of singleton bean 'org.springframework.context.annotation.internalConfigurationAnnotationProcessor'
DEBUG 2020 九月 15 17:02:19,892 main org.springframework.beans.factory.support.DefaultListableBeanFactory - Creating shared instance of singleton bean 'org.springframework.context.event.internalEventListenerProcessor'
DEBUG 2020 九月 15 17:02:19,894 main org.springframework.beans.factory.support.DefaultListableBeanFactory - Creating shared instance of singleton bean 'org.springframework.context.event.internalEventListenerFactory'
DEBUG 2020 九月 15 17:02:19,896 main org.springframework.beans.factory.support.DefaultListableBeanFactory - Creating shared instance of singleton bean 'org.springframework.context.annotation.internalAutowiredAnnotationProcessor'
DEBUG 2020 九月 15 17:02:19,897 main org.springframework.beans.factory.support.DefaultListableBeanFactory - Creating shared instance of singleton bean 'org.springframework.context.annotation.internalCommonAnnotationProcessor'
DEBUG 2020 九月 15 17:02:19,900 main org.springframework.beans.factory.support.DefaultListableBeanFactory - Creating shared instance of singleton bean 'org.springframework.aop.config.internalAutoProxyCreator'
DEBUG 2020 九月 15 17:02:19,956 main org.springframework.beans.factory.support.DefaultListableBeanFactory - Creating shared instance of singleton bean 'logAspect'
DEBUG 2020 九月 15 17:02:19,962 main org.springframework.beans.factory.support.DefaultListableBeanFactory - Creating shared instance of singleton bean 'buyService'
DEBUG 2020 九月 15 17:02:19,980 main org.springframework.aop.aspectj.annotation.ReflectiveAspectJAdvisorFactory - Found AspectJ method: public void com.ph.aspect.LogAspect.buyBefore(org.aspectj.lang.JoinPoint)
DEBUG 2020 九月 15 17:02:19,982 main org.springframework.aop.aspectj.annotation.ReflectiveAspectJAdvisorFactory - Found AspectJ method: public void com.ph.aspect.LogAspect.buyAfter(org.aspectj.lang.JoinPoint)
DEBUG 2020 九月 15 17:02:20,089 main org.springframework.beans.factory.support.DefaultListableBeanFactory - Creating shared instance of singleton bean 'helloFactoryBean'
INFO 2020 九月 15 17:02:20,110 main com.ph.aspect.LogAspect - 前置通知:execution(String com.ph.service.BuyService.buy(String,String))
INFO 2020 九月 15 17:02:20,110 main com.ph.aspect.LogAspect - 用户:ph1616购买<<城南旧事>>
INFO 2020 九月 15 17:02:20,110 main com.ph.aspect.LogAspect - 用户:ph1616购买结束
DEBUG 2020 九月 15 17:02:57,313 main org.springframework.context.support.ClassPathXmlApplicationContext - Refreshing org.springframework.context.support.ClassPathXmlApplicationContext@3d8c7aca
DEBUG 2020 九月 15 17:02:57,513 main org.springframework.context.annotation.ClassPathBeanDefinitionScanner - Identified candidate component class: file [D:\project\idea\hello\target\classes\com\ph\aspect\LogAspect.class]
DEBUG 2020 九月 15 17:02:57,515 main org.springframework.context.annotation.ClassPathBeanDefinitionScanner - Identified candidate component class: file [D:\project\idea\hello\target\classes\com\ph\service\impl\BuyServiceImpl.class]
DEBUG 2020 九月 15 17:02:57,534 main org.springframework.beans.factory.support.DefaultListableBeanFactory - Overriding bean definition for bean 'buyService' with a different definition: replacing [Generic bean: class [com.ph.service.impl.BuyServiceImpl]; scope=singleton; abstract=false; lazyInit=false; autowireMode=0; dependencyCheck=0; autowireCandidate=true; primary=false; factoryBeanName=null; factoryMethodName=null; initMethodName=null; destroyMethodName=null; defined in file [D:\project\idea\hello\target\classes\com\ph\service\impl\BuyServiceImpl.class]] with [Generic bean: class [com.ph.service.impl.BuyServiceImpl]; scope=singleton; abstract=false; lazyInit=false; autowireMode=0; dependencyCheck=0; autowireCandidate=true; primary=false; factoryBeanName=null; factoryMethodName=null; initMethodName=null; destroyMethodName=null; defined in class path resource [applicationContext.xml]]
DEBUG 2020 九月 15 17:02:57,534 main org.springframework.beans.factory.xml.XmlBeanDefinitionReader - Loaded 9 bean definitions from class path resource [applicationContext.xml]
DEBUG 2020 九月 15 17:02:57,555 main org.springframework.beans.factory.support.DefaultListableBeanFactory - Creating shared instance of singleton bean 'org.springframework.context.annotation.internalConfigurationAnnotationProcessor'
DEBUG 2020 九月 15 17:02:57,598 main org.springframework.beans.factory.support.DefaultListableBeanFactory - Creating shared instance of singleton bean 'org.springframework.context.event.internalEventListenerProcessor'
DEBUG 2020 九月 15 17:02:57,600 main org.springframework.beans.factory.support.DefaultListableBeanFactory - Creating shared instance of singleton bean 'org.springframework.context.event.internalEventListenerFactory'
DEBUG 2020 九月 15 17:02:57,602 main org.springframework.beans.factory.support.DefaultListableBeanFactory - Creating shared instance of singleton bean 'org.springframework.context.annotation.internalAutowiredAnnotationProcessor'
DEBUG 2020 九月 15 17:02:57,603 main org.springframework.beans.factory.support.DefaultListableBeanFactory - Creating shared instance of singleton bean 'org.springframework.context.annotation.internalCommonAnnotationProcessor'
DEBUG 2020 九月 15 17:02:57,607 main org.springframework.beans.factory.support.DefaultListableBeanFactory - Creating shared instance of singleton bean 'org.springframework.aop.config.internalAutoProxyCreator'
DEBUG 2020 九月 15 17:02:57,661 main org.springframework.beans.factory.support.DefaultListableBeanFactory - Creating shared instance of singleton bean 'logAspect'
DEBUG 2020 九月 15 17:02:57,666 main org.springframework.beans.factory.support.DefaultListableBeanFactory - Creating shared instance of singleton bean 'buyService'
DEBUG 2020 九月 15 17:02:57,683 main org.springframework.aop.aspectj.annotation.ReflectiveAspectJAdvisorFactory - Found AspectJ method: public void com.ph.aspect.LogAspect.buyBefore(org.aspectj.lang.JoinPoint)
DEBUG 2020 九月 15 17:02:57,685 main org.springframework.aop.aspectj.annotation.ReflectiveAspectJAdvisorFactory - Found AspectJ method: public void com.ph.aspect.LogAspect.buyAfter(org.aspectj.lang.JoinPoint)
DEBUG 2020 九月 15 17:02:57,812 main org.springframework.beans.factory.support.DefaultListableBeanFactory - Creating shared instance of singleton bean 'helloFactoryBean'
INFO 2020 九月 15 17:02:57,830 main com.ph.aspect.LogAspect - 前置通知:execution(String com.ph.service.BuyService.buy(String,String))
INFO 2020 九月 15 17:02:57,830 main com.ph.aspect.LogAspect - 用户:ph1616购买<<城南旧事>>
INFO 2020 九月 15 17:02:57,830 main com.ph.aspect.LogAspect - 用户:ph1616购买结束
